# JRE version: OpenJDK Runtime Environment GraalVM CE 22.3.0 (17.0.5+8) (build 17.0.5+8-jvmci-22.3-b08)
# Java VM: OpenJDK 64-Bit Server VM GraalVM CE 22.3.0 (17.0.5+8-jvmci-22.3-b08, mixed mode, sharing, tiered, jvmci, jvmci compiler, compressed oops, compressed class ptrs, parallel gc, linux-amd64)
GC Precious Log:
 CPUs: 8 total, 1 available
 Memory: 1024M
 Large Page Support: Disabled
 NUMA Support: Disabled
 Compressed Oops: Enabled (32-bit)
 Alignments: Space 512K, Generation 512K, Heap 2M
 Heap Min Capacity: 100M
 Heap Initial Capacity: 100M
 Heap Max Capacity: 512M
 Pre-touch: Disabled
 Parallel Workers: 1
Heap:
 PSYoungGen      total 56832K, used 38125K [0x00000000f5580000, 0x00000000fa300000, 0x0000000100000000)
  eden space 36352K, 99% used [0x00000000f5580000,0x00000000f78ffff8,0x00000000f7900000)
  from space 20480K, 8% used [0x00000000f8d80000,0x00000000f8f3b558,0x00000000fa180000)
  to   space 20992K, 0% used [0x00000000f7900000,0x00000000f7900000,0x00000000f8d80000)
 ParOldGen       total 349696K, used 349693K [0x00000000e0000000, 0x00000000f5580000, 0x00000000f5580000)
  object space 349696K, 99% used [0x00000000e0000000,0x00000000f557f788,0x00000000f5580000)
 Metaspace       used 53778K, committed 54528K, reserved 1097728K
  class space    used 5381K, committed 5696K, reserved 1048576K
GC Heap History (20 events):
Event: 912.484 GC heap before
{Heap before GC invocations=807 (full 677):
 PSYoungGen      total 56832K, used 38125K [0x00000000f5580000, 0x00000000fa300000, 0x0000000100000000)
  eden space 36352K, 100% used [0x00000000f5580000,0x00000000f7900000,0x00000000f7900000)
  from space 20480K, 8% used [0x00000000f8d80000,0x00000000f8f3b600,0x00000000fa180000)
  to   space 20992K, 0% used [0x00000000f7900000,0x00000000f7900000,0x00000000f8d80000)
 ParOldGen       total 349696K, used 349695K [0x00000000e0000000, 0x00000000f5580000, 0x00000000f5580000)
  object space 349696K, 99% used [0x00000000e0000000,0x00000000f557fff0,0x00000000f5580000)
 Metaspace       used 53777K, committed 54528K, reserved 1097728K
  class space    used 5381K, committed 5696K, reserved 1048576K
}
Event: 913.711 GC heap after
{Heap after GC invocations=807 (full 677):
 PSYoungGen      total 56832K, used 38125K [0x00000000f5580000, 0x00000000fa300000, 0x0000000100000000)
  eden space 36352K, 100% used [0x00000000f5580000,0x00000000f7900000,0x00000000f7900000)
  from space 20480K, 8% used [0x00000000f8d80000,0x00000000f8f3b600,0x00000000fa180000)
  to   space 20992K, 0% used [0x00000000f7900000,0x00000000f7900000,0x00000000f8d80000)
 ParOldGen       total 349696K, used 349695K [0x00000000e0000000, 0x00000000f5580000, 0x00000000f5580000)
  object space 349696K, 99% used [0x00000000e0000000,0x00000000f557fff0,0x00000000f5580000)
 Metaspace       used 53777K, committed 54528K, reserved 1097728K
  class space    used 5381K, committed 5696K, reserved 1048576K
}
Event: 913.711 GC heap before
{Heap before GC invocations=808 (full 678):
 PSYoungGen      total 56832K, used 38125K [0x00000000f5580000, 0x00000000fa300000, 0x0000000100000000)
  eden space 36352K, 100% used [0x00000000f5580000,0x00000000f7900000,0x00000000f7900000)
  from space 20480K, 8% used [0x00000000f8d80000,0x00000000f8f3b600,0x00000000fa180000)
  to   space 20992K, 0% used [0x00000000f7900000,0x00000000f7900000,0x00000000f8d80000)
 ParOldGen       total 349696K, used 349695K [0x00000000e0000000, 0x00000000f5580000, 0x00000000f5580000)
  object space 349696K, 99% used [0x00000000e0000000,0x00000000f557fff0,0x00000000f5580000)
 Metaspace       used 53777K, committed 54528K, reserved 1097728K
  class space    used 5381K, committed 5696K, reserved 1048576K
}
Event: 914.900 GC heap after
{Heap after GC invocations=808 (full 678):
 PSYoungGen      total 56832K, used 38125K [0x00000000f5580000, 0x00000000fa300000, 0x0000000100000000)
  eden space 36352K, 100% used [0x00000000f5580000,0x00000000f7900000,0x00000000f7900000)
  from space 20480K, 8% used [0x00000000f8d80000,0x00000000f8f3b600,0x00000000fa180000)
  to   space 20992K, 0% used [0x00000000f7900000,0x00000000f7900000,0x00000000f8d80000)
 ParOldGen       total 349696K, used 349691K [0x00000000e0000000, 0x00000000f5580000, 0x00000000f5580000)
  object space 349696K, 99% used [0x00000000e0000000,0x00000000f557ee30,0x00000000f5580000)
 Metaspace       used 53777K, committed 54528K, reserved 1097728K
  class space    used 5381K, committed 5696K, reserved 1048576K
}
Event: 914.900 GC heap before
{Heap before GC invocations=809 (full 679):
 PSYoungGen      total 56832K, used 38125K [0x00000000f5580000, 0x00000000fa300000, 0x0000000100000000)
  eden space 36352K, 100% used [0x00000000f5580000,0x00000000f7900000,0x00000000f7900000)
  from space 20480K, 8% used [0x00000000f8d80000,0x00000000f8f3b600,0x00000000fa180000)
  to   space 20992K, 0% used [0x00000000f7900000,0x00000000f7900000,0x00000000f8d80000)
 ParOldGen       total 349696K, used 349691K [0x00000000e0000000, 0x00000000f5580000, 0x00000000f5580000)
  object space 349696K, 99% used [0x00000000e0000000,0x00000000f557ee68,0x00000000f5580000)
 Metaspace       used 53777K, committed 54528K, reserved 1097728K
  class space    used 5381K, committed 5696K, reserved 1048576K
}
Event: 916.204 GC heap after
{Heap after GC invocations=809 (full 679):
 PSYoungGen      total 56832K, used 38125K [0x00000000f5580000, 0x00000000fa300000, 0x0000000100000000)
  eden space 36352K, 99% used [0x00000000f5580000,0x00000000f78ffef0,0x00000000f7900000)
  from space 20480K, 8% used [0x00000000f8d80000,0x00000000f8f3b600,0x00000000fa180000)
  to   space 20992K, 0% used [0x00000000f7900000,0x00000000f7900000,0x00000000f8d80000)
 ParOldGen       total 349696K, used 349690K [0x00000000e0000000, 0x00000000f5580000, 0x00000000f5580000)
  object space 349696K, 99% used [0x00000000e0000000,0x00000000f557ea58,0x00000000f5580000)
 Metaspace       used 53777K, committed 54528K, reserved 1097728K
  class space    used 5381K, committed 5696K, reserved 1048576K
}
Event: 916.204 GC heap before
{Heap before GC invocations=810 (full 680):
 PSYoungGen      total 56832K, used 38125K [0x00000000f5580000, 0x00000000fa300000, 0x0000000100000000)
  eden space 36352K, 99% used [0x00000000f5580000,0x00000000f78ffff8,0x00000000f7900000)
  from space 20480K, 8% used [0x00000000f8d80000,0x00000000f8f3b600,0x00000000fa180000)
  to   space 20992K, 0% used [0x00000000f7900000,0x00000000f7900000,0x00000000f8d80000)
 ParOldGen       total 349696K, used 349690K [0x00000000e0000000, 0x00000000f5580000, 0x00000000f5580000)
  object space 349696K, 99% used [0x00000000e0000000,0x00000000f557ea58,0x00000000f5580000)
 Metaspace       used 53778K, committed 54528K, reserved 1097728K
  class space    used 5381K, committed 5696K, reserved 1048576K
}
Event: 917.497 GC heap after
{Heap after GC invocations=810 (full 680):
 PSYoungGen      total 56832K, used 38125K [0x00000000f5580000, 0x00000000fa300000, 0x0000000100000000)
  eden space 36352K, 99% used [0x00000000f5580000,0x00000000f78fff18,0x00000000f7900000)
  from space 20480K, 8% used [0x00000000f8d80000,0x00000000f8f3b600,0x00000000fa180000)
  to   space 20992K, 0% used [0x00000000f7900000,0x00000000f7900000,0x00000000f8d80000)
 ParOldGen       total 349696K, used 349690K [0x00000000e0000000, 0x00000000f5580000, 0x00000000f5580000)
  object space 349696K, 99% used [0x00000000e0000000,0x00000000f557e9b8,0x00000000f5580000)
 Metaspace       used 53778K, committed 54528K, reserved 1097728K
  class space    used 5381K, committed 5696K, reserved 1048576K
}
Event: 917.497 GC heap before
{Heap before GC invocations=811 (full 681):
 PSYoungGen      total 56832K, used 38125K [0x00000000f5580000, 0x00000000fa300000, 0x0000000100000000)
  eden space 36352K, 99% used [0x00000000f5580000,0x00000000f78ffff0,0x00000000f7900000)
  from space 20480K, 8% used [0x00000000f8d80000,0x00000000f8f3b600,0x00000000fa180000)
  to   space 20992K, 0% used [0x00000000f7900000,0x00000000f7900000,0x00000000f8d80000)
 ParOldGen       total 349696K, used 349690K [0x00000000e0000000, 0x00000000f5580000, 0x00000000f5580000)
  object space 349696K, 99% used [0x00000000e0000000,0x00000000f557e9b8,0x00000000f5580000)
 Metaspace       used 53778K, committed 54528K, reserved 1097728K
  class space    used 5381K, committed 5696K, reserved 1048576K
}
Event: 918.985 GC heap after
{Heap after GC invocations=811 (full 681):
 PSYoungGen      total 56832K, used 38125K [0x00000000f5580000, 0x00000000fa300000, 0x0000000100000000)
  eden space 36352K, 99% used [0x00000000f5580000,0x00000000f78fffd8,0x00000000f7900000)
  from space 20480K, 8% used [0x00000000f8d80000,0x00000000f8f3b600,0x00000000fa180000)
  to   space 20992K, 0% used [0x00000000f7900000,0x00000000f7900000,0x00000000f8d80000)
 ParOldGen       total 349696K, used 349690K [0x00000000e0000000, 0x00000000f5580000, 0x00000000f5580000)
  object space 349696K, 99% used [0x00000000e0000000,0x00000000f557e9b8,0x00000000f5580000)
 Metaspace       used 53778K, committed 54528K, reserved 1097728K
  class space    used 5381K, committed 5696K, reserved 1048576K
}
Event: 918.985 GC heap before
{Heap before GC invocations=812 (full 682):
 PSYoungGen      total 56832K, used 38125K [0x00000000f5580000, 0x00000000fa300000, 0x0000000100000000)
  eden space 36352K, 99% used [0x00000000f5580000,0x00000000f78ffff0,0x00000000f7900000)
  from space 20480K, 8% used [0x00000000f8d80000,0x00000000f8f3b600,0x00000000fa180000)
  to   space 20992K, 0% used [0x00000000f7900000,0x00000000f7900000,0x00000000f8d80000)
 ParOldGen       total 349696K, used 349694K [0x00000000e0000000, 0x00000000f5580000, 0x00000000f5580000)
  object space 349696K, 99% used [0x00000000e0000000,0x00000000f557f980,0x00000000f5580000)
 Metaspace       used 53778K, committed 54528K, reserved 1097728K
  class space    used 5381K, committed 5696K, reserved 1048576K
}
Event: 920.307 GC heap after
{Heap after GC invocations=812 (full 682):
 PSYoungGen      total 56832K, used 38125K [0x00000000f5580000, 0x00000000fa300000, 0x0000000100000000)
  eden space 36352K, 99% used [0x00000000f5580000,0x00000000f78fffa8,0x00000000f7900000)
  from space 20480K, 8% used [0x00000000f8d80000,0x00000000f8f3b558,0x00000000fa180000)
  to   space 20992K, 0% used [0x00000000f7900000,0x00000000f7900000,0x00000000f8d80000)
 ParOldGen       total 349696K, used 349693K [0x00000000e0000000, 0x00000000f5580000, 0x00000000f5580000)
  object space 349696K, 99% used [0x00000000e0000000,0x00000000f557f678,0x00000000f5580000)
 Metaspace       used 53778K, committed 54528K, reserved 1097728K
  class space    used 5381K, committed 5696K, reserved 1048576K
}
Event: 920.308 GC heap before
{Heap before GC invocations=813 (full 683):
 PSYoungGen      total 56832K, used 38125K [0x00000000f5580000, 0x00000000fa300000, 0x0000000100000000)
  eden space 36352K, 99% used [0x00000000f5580000,0x00000000f78ffff8,0x00000000f7900000)
  from space 20480K, 8% used [0x00000000f8d80000,0x00000000f8f3b558,0x00000000fa180000)
  to   space 20992K, 0% used [0x00000000f7900000,0x00000000f7900000,0x00000000f8d80000)
 ParOldGen       total 349696K, used 349693K [0x00000000e0000000, 0x00000000f5580000, 0x00000000f5580000)
  object space 349696K, 99% used [0x00000000e0000000,0x00000000f557f678,0x00000000f5580000)
 Metaspace       used 53778K, committed 54528K, reserved 1097728K
  class space    used 5381K, committed 5696K, reserved 1048576K
}
Event: 921.811 GC heap after
{Heap after GC invocations=813 (full 683):
 PSYoungGen      total 56832K, used 38125K [0x00000000f5580000, 0x00000000fa300000, 0x0000000100000000)
  eden space 36352K, 99% used [0x00000000f5580000,0x00000000f78fffc0,0x00000000f7900000)
  from space 20480K, 8% used [0x00000000f8d80000,0x00000000f8f3b558,0x00000000fa180000)
  to   space 20992K, 0% used [0x00000000f7900000,0x00000000f7900000,0x00000000f8d80000)
 ParOldGen       total 349696K, used 349693K [0x00000000e0000000, 0x00000000f5580000, 0x00000000f5580000)
  object space 349696K, 99% used [0x00000000e0000000,0x00000000f557f678,0x00000000f5580000)
 Metaspace       used 53778K, committed 54528K, reserved 1097728K
  class space    used 5381K, committed 5696K, reserved 1048576K
}
Event: 921.811 GC heap before
{Heap before GC invocations=814 (full 684):
 PSYoungGen      total 56832K, used 38125K [0x00000000f5580000, 0x00000000fa300000, 0x0000000100000000)
  eden space 36352K, 99% used [0x00000000f5580000,0x00000000f78fffd8,0x00000000f7900000)
  from space 20480K, 8% used [0x00000000f8d80000,0x00000000f8f3b558,0x00000000fa180000)
  to   space 20992K, 0% used [0x00000000f7900000,0x00000000f7900000,0x00000000f8d80000)
 ParOldGen       total 349696K, used 349693K [0x00000000e0000000, 0x00000000f5580000, 0x00000000f5580000)
  object space 349696K, 99% used [0x00000000e0000000,0x00000000f557f678,0x00000000f5580000)
 Metaspace       used 53778K, committed 54528K, reserved 1097728K
  class space    used 5381K, committed 5696K, reserved 1048576K
}
Event: 923.180 GC heap after
{Heap after GC invocations=814 (full 684):
 PSYoungGen      total 56832K, used 38125K [0x00000000f5580000, 0x00000000fa300000, 0x0000000100000000)
  eden space 36352K, 99% used [0x00000000f5580000,0x00000000f78fffd8,0x00000000f7900000)
  from space 20480K, 8% used [0x00000000f8d80000,0x00000000f8f3b558,0x00000000fa180000)
  to   space 20992K, 0% used [0x00000000f7900000,0x00000000f7900000,0x00000000f8d80000)
 ParOldGen       total 349696K, used 349693K [0x00000000e0000000, 0x00000000f5580000, 0x00000000f5580000)
  object space 349696K, 99% used [0x00000000e0000000,0x00000000f557f678,0x00000000f5580000)
 Metaspace       used 53778K, committed 54528K, reserved 1097728K
  class space    used 5381K, committed 5696K, reserved 1048576K
}
Event: 923.182 GC heap before
{Heap before GC invocations=815 (full 685):
 PSYoungGen      total 56832K, used 38125K [0x00000000f5580000, 0x00000000fa300000, 0x0000000100000000)
  eden space 36352K, 99% used [0x00000000f5580000,0x00000000f78ffff8,0x00000000f7900000)
  from space 20480K, 8% used [0x00000000f8d80000,0x00000000f8f3b558,0x00000000fa180000)
  to   space 20992K, 0% used [0x00000000f7900000,0x00000000f7900000,0x00000000f8d80000)
 ParOldGen       total 349696K, used 349694K [0x00000000e0000000, 0x00000000f5580000, 0x00000000f5580000)
  object space 349696K, 99% used [0x00000000e0000000,0x00000000f557fa98,0x00000000f5580000)
 Metaspace       used 53778K, committed 54528K, reserved 1097728K
  class space    used 5381K, committed 5696K, reserved 1048576K
}
Event: 924.546 GC heap after
{Heap after GC invocations=815 (full 685):
 PSYoungGen      total 56832K, used 38125K [0x00000000f5580000, 0x00000000fa300000, 0x0000000100000000)
  eden space 36352K, 99% used [0x00000000f5580000,0x00000000f78ffff8,0x00000000f7900000)
  from space 20480K, 8% used [0x00000000f8d80000,0x00000000f8f3b558,0x00000000fa180000)
  to   space 20992K, 0% used [0x00000000f7900000,0x00000000f7900000,0x00000000f8d80000)
 ParOldGen       total 349696K, used 349693K [0x00000000e0000000, 0x00000000f5580000, 0x00000000f5580000)
  object space 349696K, 99% used [0x00000000e0000000,0x00000000f557f738,0x00000000f5580000)
 Metaspace       used 53778K, committed 54528K, reserved 1097728K
  class space    used 5381K, committed 5696K, reserved 1048576K
}
Event: 924.546 GC heap before
{Heap before GC invocations=816 (full 686):
 PSYoungGen      total 56832K, used 38125K [0x00000000f5580000, 0x00000000fa300000, 0x0000000100000000)
  eden space 36352K, 99% used [0x00000000f5580000,0x00000000f78ffff8,0x00000000f7900000)
  from space 20480K, 8% used [0x00000000f8d80000,0x00000000f8f3b558,0x00000000fa180000)
  to   space 20992K, 0% used [0x00000000f7900000,0x00000000f7900000,0x00000000f8d80000)
 ParOldGen       total 349696K, used 349693K [0x00000000e0000000, 0x00000000f5580000, 0x00000000f5580000)
  object space 349696K, 99% used [0x00000000e0000000,0x00000000f557f738,0x00000000f5580000)
 Metaspace       used 53778K, committed 54528K, reserved 1097728K
  class space    used 5381K, committed 5696K, reserved 1048576K
}
Event: 925.849 GC heap after
{Heap after GC invocations=816 (full 686):
 PSYoungGen      total 56832K, used 38125K [0x00000000f5580000, 0x00000000fa300000, 0x0000000100000000)
  eden space 36352K, 99% used [0x00000000f5580000,0x00000000f78ffff8,0x00000000f7900000)
  from space 20480K, 8% used [0x00000000f8d80000,0x00000000f8f3b558,0x00000000fa180000)
  to   space 20992K, 0% used [0x00000000f7900000,0x00000000f7900000,0x00000000f8d80000)
 ParOldGen       total 349696K, used 349693K [0x00000000e0000000, 0x00000000f5580000, 0x00000000f5580000)
  object space 349696K, 99% used [0x00000000e0000000,0x00000000f557f738,0x00000000f5580000)
 Metaspace       used 53778K, committed 54528K, reserved 1097728K
  class space    used 5381K, committed 5696K, reserved 1048576K
}

