# JRE version: OpenJDK Runtime Environment GraalVM CE 22.3.0 (17.0.5+8) (build 17.0.5+8-jvmci-22.3-b08)
# Java VM: OpenJDK 64-Bit Server VM GraalVM CE 22.3.0 (17.0.5+8-jvmci-22.3-b08, mixed mode, sharing, tiered, jvmci, jvmci compiler, compressed oops, compressed class ptrs, parallel gc, linux-amd64)
GC Precious Log:
 CPUs: 8 total, 1 available
 Memory: 1024M
 Large Page Support: Disabled
 NUMA Support: Disabled
 Compressed Oops: Enabled (32-bit)
 Alignments: Space 512K, Generation 512K, Heap 2M
 Heap Min Capacity: 100M
 Heap Initial Capacity: 100M
 Heap Max Capacity: 512M
 Pre-touch: Disabled
 Parallel Workers: 1
Heap:
 PSYoungGen      total 74240K, used 40959K [0x00000000f5580000, 0x00000000fc080000, 0x0000000100000000)
  eden space 40960K, 99% used [0x00000000f5580000,0x00000000f7d7fff8,0x00000000f7d80000)
  from space 33280K, 0% used [0x00000000f7d80000,0x00000000f7d80000,0x00000000f9e00000)
  to   space 31744K, 0% used [0x00000000f9e80000,0x00000000f9e80000,0x00000000fbd80000)
 ParOldGen       total 349696K, used 349695K [0x00000000e0000000, 0x00000000f5580000, 0x00000000f5580000)
  object space 349696K, 99% used [0x00000000e0000000,0x00000000f557fff0,0x00000000f5580000)
 Metaspace       used 63404K, committed 64320K, reserved 1114112K
  class space    used 6152K, committed 6528K, reserved 1048576K
GC Heap History (20 events):
Event: 2133.454 GC heap before
{Heap before GC invocations=1879 (full 1674):
 PSYoungGen      total 74240K, used 40959K [0x00000000f5580000, 0x00000000fc080000, 0x0000000100000000)
  eden space 40960K, 99% used [0x00000000f5580000,0x00000000f7d7fff8,0x00000000f7d80000)
  from space 33280K, 0% used [0x00000000f7d80000,0x00000000f7d80000,0x00000000f9e00000)
  to   space 31744K, 0% used [0x00000000f9e80000,0x00000000f9e80000,0x00000000fbd80000)
 ParOldGen       total 349696K, used 349695K [0x00000000e0000000, 0x00000000f5580000, 0x00000000f5580000)
  object space 349696K, 99% used [0x00000000e0000000,0x00000000f557ffe0,0x00000000f5580000)
 Metaspace       used 63407K, committed 64320K, reserved 1114112K
  class space    used 6152K, committed 6528K, reserved 1048576K
}
Event: 2134.685 GC heap after
{Heap after GC invocations=1879 (full 1674):
 PSYoungGen      total 72704K, used 40959K [0x00000000f5580000, 0x00000000fc080000, 0x0000000100000000)
  eden space 40960K, 99% used [0x00000000f5580000,0x00000000f7d7ff48,0x00000000f7d80000)
  from space 31744K, 0% used [0x00000000f9e80000,0x00000000f9e80000,0x00000000fbd80000)
  to   space 33280K, 0% used [0x00000000f7d80000,0x00000000f7d80000,0x00000000f9e00000)
 ParOldGen       total 349696K, used 349695K [0x00000000e0000000, 0x00000000f5580000, 0x00000000f5580000)
  object space 349696K, 99% used [0x00000000e0000000,0x00000000f557ff88,0x00000000f5580000)
 Metaspace       used 63407K, committed 64320K, reserved 1114112K
  class space    used 6152K, committed 6528K, reserved 1048576K
}
Event: 2134.690 GC heap before
{Heap before GC invocations=1880 (full 1675):
 PSYoungGen      total 72704K, used 40960K [0x00000000f5580000, 0x00000000fc080000, 0x0000000100000000)
  eden space 40960K, 100% used [0x00000000f5580000,0x00000000f7d80000,0x00000000f7d80000)
  from space 31744K, 0% used [0x00000000f9e80000,0x00000000f9e80000,0x00000000fbd80000)
  to   space 33280K, 0% used [0x00000000f7d80000,0x00000000f7d80000,0x00000000f9e00000)
 ParOldGen       total 349696K, used 349695K [0x00000000e0000000, 0x00000000f5580000, 0x00000000f5580000)
  object space 349696K, 99% used [0x00000000e0000000,0x00000000f557fff8,0x00000000f5580000)
 Metaspace       used 63407K, committed 64320K, reserved 1114112K
  class space    used 6152K, committed 6528K, reserved 1048576K
}
Event: 2135.983 GC heap after
{Heap after GC invocations=1880 (full 1675):
 PSYoungGen      total 74240K, used 40960K [0x00000000f5580000, 0x00000000fc080000, 0x0000000100000000)
  eden space 40960K, 100% used [0x00000000f5580000,0x00000000f7d80000,0x00000000f7d80000)
  from space 33280K, 0% used [0x00000000f7d80000,0x00000000f7d80000,0x00000000f9e00000)
  to   space 31744K, 0% used [0x00000000f9e80000,0x00000000f9e80000,0x00000000fbd80000)
 ParOldGen       total 349696K, used 349695K [0x00000000e0000000, 0x00000000f5580000, 0x00000000f5580000)
  object space 349696K, 99% used [0x00000000e0000000,0x00000000f557fff8,0x00000000f5580000)
 Metaspace       used 63407K, committed 64320K, reserved 1114112K
  class space    used 6152K, committed 6528K, reserved 1048576K
}
Event: 2135.983 GC heap before
{Heap before GC invocations=1881 (full 1676):
 PSYoungGen      total 74240K, used 40960K [0x00000000f5580000, 0x00000000fc080000, 0x0000000100000000)
  eden space 40960K, 100% used [0x00000000f5580000,0x00000000f7d80000,0x00000000f7d80000)
  from space 33280K, 0% used [0x00000000f7d80000,0x00000000f7d80000,0x00000000f9e00000)
  to   space 31744K, 0% used [0x00000000f9e80000,0x00000000f9e80000,0x00000000fbd80000)
 ParOldGen       total 349696K, used 349695K [0x00000000e0000000, 0x00000000f5580000, 0x00000000f5580000)
  object space 349696K, 99% used [0x00000000e0000000,0x00000000f557fff8,0x00000000f5580000)
 Metaspace       used 63407K, committed 64320K, reserved 1114112K
  class space    used 6152K, committed 6528K, reserved 1048576K
}
Event: 2137.298 GC heap after
{Heap after GC invocations=1881 (full 1676):
 PSYoungGen      total 72704K, used 40960K [0x00000000f5580000, 0x00000000fc080000, 0x0000000100000000)
  eden space 40960K, 100% used [0x00000000f5580000,0x00000000f7d80000,0x00000000f7d80000)
  from space 31744K, 0% used [0x00000000f9e80000,0x00000000f9e80000,0x00000000fbd80000)
  to   space 33280K, 0% used [0x00000000f7d80000,0x00000000f7d80000,0x00000000f9e00000)
 ParOldGen       total 349696K, used 349695K [0x00000000e0000000, 0x00000000f5580000, 0x00000000f5580000)
  object space 349696K, 99% used [0x00000000e0000000,0x00000000f557fff8,0x00000000f5580000)
 Metaspace       used 63407K, committed 64320K, reserved 1114112K
  class space    used 6152K, committed 6528K, reserved 1048576K
}
Event: 2137.299 GC heap before
{Heap before GC invocations=1882 (full 1677):
 PSYoungGen      total 72704K, used 40960K [0x00000000f5580000, 0x00000000fc080000, 0x0000000100000000)
  eden space 40960K, 100% used [0x00000000f5580000,0x00000000f7d80000,0x00000000f7d80000)
  from space 31744K, 0% used [0x00000000f9e80000,0x00000000f9e80000,0x00000000fbd80000)
  to   space 33280K, 0% used [0x00000000f7d80000,0x00000000f7d80000,0x00000000f9e00000)
 ParOldGen       total 349696K, used 349695K [0x00000000e0000000, 0x00000000f5580000, 0x00000000f5580000)
  object space 349696K, 99% used [0x00000000e0000000,0x00000000f557fff8,0x00000000f5580000)
 Metaspace       used 63407K, committed 64320K, reserved 1114112K
  class space    used 6152K, committed 6528K, reserved 1048576K
}
Event: 2138.609 GC heap after
{Heap after GC invocations=1882 (full 1677):
 PSYoungGen      total 74240K, used 40958K [0x00000000f5580000, 0x00000000fc080000, 0x0000000100000000)
  eden space 40960K, 99% used [0x00000000f5580000,0x00000000f7d7fb00,0x00000000f7d80000)
  from space 33280K, 0% used [0x00000000f7d80000,0x00000000f7d80000,0x00000000f9e00000)
  to   space 31744K, 0% used [0x00000000f9e80000,0x00000000f9e80000,0x00000000fbd80000)
 ParOldGen       total 349696K, used 349694K [0x00000000e0000000, 0x00000000f5580000, 0x00000000f5580000)
  object space 349696K, 99% used [0x00000000e0000000,0x00000000f557f920,0x00000000f5580000)
 Metaspace       used 63404K, committed 64320K, reserved 1114112K
  class space    used 6152K, committed 6528K, reserved 1048576K
}
Event: 2138.618 GC heap before
{Heap before GC invocations=1883 (full 1678):
 PSYoungGen      total 74240K, used 40960K [0x00000000f5580000, 0x00000000fc080000, 0x0000000100000000)
  eden space 40960K, 100% used [0x00000000f5580000,0x00000000f7d80000,0x00000000f7d80000)
  from space 33280K, 0% used [0x00000000f7d80000,0x00000000f7d80000,0x00000000f9e00000)
  to   space 31744K, 0% used [0x00000000f9e80000,0x00000000f9e80000,0x00000000fbd80000)
 ParOldGen       total 349696K, used 349694K [0x00000000e0000000, 0x00000000f5580000, 0x00000000f5580000)
  object space 349696K, 99% used [0x00000000e0000000,0x00000000f557f920,0x00000000f5580000)
 Metaspace       used 63404K, committed 64320K, reserved 1114112K
  class space    used 6152K, committed 6528K, reserved 1048576K
}
Event: 2139.775 GC heap after
{Heap after GC invocations=1883 (full 1678):
 PSYoungGen      total 72704K, used 40959K [0x00000000f5580000, 0x00000000fc080000, 0x0000000100000000)
  eden space 40960K, 99% used [0x00000000f5580000,0x00000000f7d7fd00,0x00000000f7d80000)
  from space 31744K, 0% used [0x00000000f9e80000,0x00000000f9e80000,0x00000000fbd80000)
  to   space 33280K, 0% used [0x00000000f7d80000,0x00000000f7d80000,0x00000000f9e00000)
 ParOldGen       total 349696K, used 349694K [0x00000000e0000000, 0x00000000f5580000, 0x00000000f5580000)
  object space 349696K, 99% used [0x00000000e0000000,0x00000000f557f920,0x00000000f5580000)
 Metaspace       used 63404K, committed 64320K, reserved 1114112K
  class space    used 6152K, committed 6528K, reserved 1048576K
}
Event: 2139.775 GC heap before
{Heap before GC invocations=1884 (full 1679):
 PSYoungGen      total 72704K, used 40959K [0x00000000f5580000, 0x00000000fc080000, 0x0000000100000000)
  eden space 40960K, 99% used [0x00000000f5580000,0x00000000f7d7fd00,0x00000000f7d80000)
  from space 31744K, 0% used [0x00000000f9e80000,0x00000000f9e80000,0x00000000fbd80000)
  to   space 33280K, 0% used [0x00000000f7d80000,0x00000000f7d80000,0x00000000f9e00000)
 ParOldGen       total 349696K, used 349694K [0x00000000e0000000, 0x00000000f5580000, 0x00000000f5580000)
  object space 349696K, 99% used [0x00000000e0000000,0x00000000f557f920,0x00000000f5580000)
 Metaspace       used 63404K, committed 64320K, reserved 1114112K
  class space    used 6152K, committed 6528K, reserved 1048576K
}
Event: 2141.080 GC heap after
{Heap after GC invocations=1884 (full 1679):
 PSYoungGen      total 74240K, used 40959K [0x00000000f5580000, 0x00000000fc080000, 0x0000000100000000)
  eden space 40960K, 99% used [0x00000000f5580000,0x00000000f7d7fd00,0x00000000f7d80000)
  from space 33280K, 0% used [0x00000000f7d80000,0x00000000f7d80000,0x00000000f9e00000)
  to   space 31744K, 0% used [0x00000000f9e80000,0x00000000f9e80000,0x00000000fbd80000)
 ParOldGen       total 349696K, used 349692K [0x00000000e0000000, 0x00000000f5580000, 0x00000000f5580000)
  object space 349696K, 99% used [0x00000000e0000000,0x00000000f557f080,0x00000000f5580000)
 Metaspace       used 63404K, committed 64320K, reserved 1114112K
  class space    used 6152K, committed 6528K, reserved 1048576K
}
Event: 2141.082 GC heap before
{Heap before GC invocations=1885 (full 1680):
 PSYoungGen      total 74240K, used 40960K [0x00000000f5580000, 0x00000000fc080000, 0x0000000100000000)
  eden space 40960K, 100% used [0x00000000f5580000,0x00000000f7d80000,0x00000000f7d80000)
  from space 33280K, 0% used [0x00000000f7d80000,0x00000000f7d80000,0x00000000f9e00000)
  to   space 31744K, 0% used [0x00000000f9e80000,0x00000000f9e80000,0x00000000fbd80000)
 ParOldGen       total 349696K, used 349695K [0x00000000e0000000, 0x00000000f5580000, 0x00000000f5580000)
  object space 349696K, 99% used [0x00000000e0000000,0x00000000f557fee0,0x00000000f5580000)
 Metaspace       used 63404K, committed 64320K, reserved 1114112K
  class space    used 6152K, committed 6528K, reserved 1048576K
}
Event: 2142.330 GC heap after
{Heap after GC invocations=1885 (full 1680):
 PSYoungGen      total 72704K, used 40959K [0x00000000f5580000, 0x00000000fc080000, 0x0000000100000000)
  eden space 40960K, 99% used [0x00000000f5580000,0x00000000f7d7fe30,0x00000000f7d80000)
  from space 31744K, 0% used [0x00000000f9e80000,0x00000000f9e80000,0x00000000fbd80000)
  to   space 33280K, 0% used [0x00000000f7d80000,0x00000000f7d80000,0x00000000f9e00000)
 ParOldGen       total 349696K, used 349695K [0x00000000e0000000, 0x00000000f5580000, 0x00000000f5580000)
  object space 349696K, 99% used [0x00000000e0000000,0x00000000f557fd78,0x00000000f5580000)
 Metaspace       used 63404K, committed 64320K, reserved 1114112K
  class space    used 6152K, committed 6528K, reserved 1048576K
}
Event: 2142.330 GC heap before
{Heap before GC invocations=1886 (full 1681):
 PSYoungGen      total 72704K, used 40959K [0x00000000f5580000, 0x00000000fc080000, 0x0000000100000000)
  eden space 40960K, 99% used [0x00000000f5580000,0x00000000f7d7fe30,0x00000000f7d80000)
  from space 31744K, 0% used [0x00000000f9e80000,0x00000000f9e80000,0x00000000fbd80000)
  to   space 33280K, 0% used [0x00000000f7d80000,0x00000000f7d80000,0x00000000f9e00000)
 ParOldGen       total 349696K, used 349695K [0x00000000e0000000, 0x00000000f5580000, 0x00000000f5580000)
  object space 349696K, 99% used [0x00000000e0000000,0x00000000f557fd78,0x00000000f5580000)
 Metaspace       used 63404K, committed 64320K, reserved 1114112K
  class space    used 6152K, committed 6528K, reserved 1048576K
}
Event: 2143.654 GC heap after
{Heap after GC invocations=1886 (full 1681):
 PSYoungGen      total 74240K, used 40959K [0x00000000f5580000, 0x00000000fc080000, 0x0000000100000000)
  eden space 40960K, 99% used [0x00000000f5580000,0x00000000f7d7fe30,0x00000000f7d80000)
  from space 33280K, 0% used [0x00000000f7d80000,0x00000000f7d80000,0x00000000f9e00000)
  to   space 31744K, 0% used [0x00000000f9e80000,0x00000000f9e80000,0x00000000fbd80000)
 ParOldGen       total 349696K, used 349695K [0x00000000e0000000, 0x00000000f5580000, 0x00000000f5580000)
  object space 349696K, 99% used [0x00000000e0000000,0x00000000f557fd78,0x00000000f5580000)
 Metaspace       used 63404K, committed 64320K, reserved 1114112K
  class space    used 6152K, committed 6528K, reserved 1048576K
}
Event: 2143.655 GC heap before
{Heap before GC invocations=1887 (full 1682):
 PSYoungGen      total 74240K, used 40959K [0x00000000f5580000, 0x00000000fc080000, 0x0000000100000000)
  eden space 40960K, 99% used [0x00000000f5580000,0x00000000f7d7fe30,0x00000000f7d80000)
  from space 33280K, 0% used [0x00000000f7d80000,0x00000000f7d80000,0x00000000f9e00000)
  to   space 31744K, 0% used [0x00000000f9e80000,0x00000000f9e80000,0x00000000fbd80000)
 ParOldGen       total 349696K, used 349695K [0x00000000e0000000, 0x00000000f5580000, 0x00000000f5580000)
  object space 349696K, 99% used [0x00000000e0000000,0x00000000f557fd78,0x00000000f5580000)
 Metaspace       used 63404K, committed 64320K, reserved 1114112K
  class space    used 6152K, committed 6528K, reserved 1048576K
}
Event: 2144.891 GC heap after
{Heap after GC invocations=1887 (full 1682):
 PSYoungGen      total 72704K, used 40959K [0x00000000f5580000, 0x00000000fc080000, 0x0000000100000000)
  eden space 40960K, 99% used [0x00000000f5580000,0x00000000f7d7fe30,0x00000000f7d80000)
  from space 31744K, 0% used [0x00000000f9e80000,0x00000000f9e80000,0x00000000fbd80000)
  to   space 33280K, 0% used [0x00000000f7d80000,0x00000000f7d80000,0x00000000f9e00000)
 ParOldGen       total 349696K, used 349695K [0x00000000e0000000, 0x00000000f5580000, 0x00000000f5580000)
  object space 349696K, 99% used [0x00000000e0000000,0x00000000f557fd78,0x00000000f5580000)
 Metaspace       used 63404K, committed 64320K, reserved 1114112K
  class space    used 6152K, committed 6528K, reserved 1048576K
}
Event: 2144.891 GC heap before
{Heap before GC invocations=1888 (full 1683):
 PSYoungGen      total 72704K, used 40959K [0x00000000f5580000, 0x00000000fc080000, 0x0000000100000000)
  eden space 40960K, 99% used [0x00000000f5580000,0x00000000f7d7fe30,0x00000000f7d80000)
  from space 31744K, 0% used [0x00000000f9e80000,0x00000000f9e80000,0x00000000fbd80000)
  to   space 33280K, 0% used [0x00000000f7d80000,0x00000000f7d80000,0x00000000f9e00000)
 ParOldGen       total 349696K, used 349695K [0x00000000e0000000, 0x00000000f5580000, 0x00000000f5580000)
  object space 349696K, 99% used [0x00000000e0000000,0x00000000f557fd78,0x00000000f5580000)
 Metaspace       used 63404K, committed 64320K, reserved 1114112K
  class space    used 6152K, committed 6528K, reserved 1048576K
}
Event: 2145.970 GC heap after
{Heap after GC invocations=1888 (full 1683):
 PSYoungGen      total 74240K, used 40959K [0x00000000f5580000, 0x00000000fc080000, 0x0000000100000000)
  eden space 40960K, 99% used [0x00000000f5580000,0x00000000f7d7fe30,0x00000000f7d80000)
  from space 33280K, 0% used [0x00000000f7d80000,0x00000000f7d80000,0x00000000f9e00000)
  to   space 31744K, 0% used [0x00000000f9e80000,0x00000000f9e80000,0x00000000fbd80000)
 ParOldGen       total 349696K, used 349695K [0x00000000e0000000, 0x00000000f5580000, 0x00000000f5580000)
  object space 349696K, 99% used [0x00000000e0000000,0x00000000f557fd78,0x00000000f5580000)
 Metaspace       used 63404K, committed 64320K, reserved 1114112K
  class space    used 6152K, committed 6528K, reserved 1048576K
}

